<?xml version="1.0" encoding="UTF-8"?>
<!-- Generated by org.testng.reporters.JUnitXMLReporter -->
<testsuite hostname="Maroof" ignored="0" name="Test2" tests="1" failures="1" timestamp="01 Dec 2018 11:49:41 GMT" time="0.091" errors="0">
  <testcase name="Test" time="0.0" classname="com.parallel.tests.HomePageTest">
    <failure type="org.testng.TestNGException" message="
Data Provider public java.lang.Object[][] com.parallel.tests.HomePageTest.getData() must return either Object[][] or Iterator&amp;lt;Object&amp;gt;[], not class [[Ljava.lang.Object;">
      <![CDATA[org.testng.TestNGException: 
Data Provider public java.lang.Object[][] com.parallel.tests.HomePageTest.getData() must return either Object[][] or Iterator<Object>[], not class [[Ljava.lang.Object;
	at java.util.concurrent.FutureTask.run(FutureTask.java:266)
	at java.util.concurrent.ThreadPoolExecutor.runWorker(ThreadPoolExecutor.java:1149)
	at java.util.concurrent.ThreadPoolExecutor$Worker.run(ThreadPoolExecutor.java:624)
	at java.lang.Thread.run(Thread.java:748)
... Removed 13 stack frames]]>
    </failure>
  </testcase> <!-- Test -->
</testsuite> <!-- Test2 -->
