<?xml version="1.0" encoding="UTF-8"?>
<!-- Generated by org.testng.reporters.JUnitXMLReporter -->
<testsuite hostname="LAPTOP-1RN3IOUD" ignored="0" name="Sign in Test" tests="2" failures="1" timestamp="12 Apr 2019 06:33:11 GMT" time="80.349" errors="0">
  <testcase name="Test" time="68.205" classname="com.parallel.tests.HomePageTest">
    <failure type="java.lang.AssertionError" message="expected [true] but found [false]">
      <![CDATA[java.lang.AssertionError: expected [true] but found [false]
	at com.parallel.tests.HomePageTest.Test(HomePageTest.java:34)
	at java.util.concurrent.FutureTask.run(FutureTask.java:266)
	at java.util.concurrent.Executors$RunnableAdapter.call(Executors.java:511)
	at java.util.concurrent.FutureTask.run(FutureTask.java:266)
	at java.util.concurrent.ThreadPoolExecutor.runWorker(ThreadPoolExecutor.java:1149)
	at java.util.concurrent.ThreadPoolExecutor$Worker.run(ThreadPoolExecutor.java:624)
	at java.lang.Thread.run(Thread.java:748)
... Removed 13 stack frames]]>
    </failure>
  </testcase> <!-- Test -->
  <testcase name="Test" time="79.446" classname="com.parallel.tests.HomePageTest"/>
</testsuite> <!-- Sign in Test -->
